Active Conda env:                       *  /csghome/sm330/conda_envs/seml_pyt-tf
Running localized_lora with seed 123 and 0.25 data
Using cuda
[INFO] Using 25.0% of dataset: 1847 datapoints out of 7390 total files.
train_size: 1294, val_size: 369 and test_size: 184
Epoch [1/50] - Train Loss: 0.1126 | Val Loss: 0.0576 | Val Dice: 0.6576986747382456 | Val IoU : 0.5172379402933405
Epoch [2/50] - Train Loss: 0.0449 | Val Loss: 0.0435 | Val Dice: 0.7033348855610463 | Val IoU : 0.5681550131257633
Epoch [3/50] - Train Loss: 0.0370 | Val Loss: 0.0413 | Val Dice: 0.7108155757108032 | Val IoU : 0.5751040030301102
Epoch [4/50] - Train Loss: 0.0326 | Val Loss: 0.0318 | Val Dice: 0.7467181745583449 | Val IoU : 0.6157461763397465
Epoch [5/50] - Train Loss: 0.0287 | Val Loss: 0.0329 | Val Dice: 0.7422577837295325 | Val IoU : 0.6101906129984351
Epoch [6/50] - Train Loss: 0.0284 | Val Loss: 0.0343 | Val Dice: 0.7369106474930678 | Val IoU : 0.6068686778306315
Epoch [7/50] - Train Loss: 0.0280 | Val Loss: 0.0276 | Val Dice: 0.7641593660442487 | Val IoU : 0.6374385856031403
Epoch [8/50] - Train Loss: 0.0245 | Val Loss: 0.0282 | Val Dice: 0.7619592465036283 | Val IoU : 0.6348260141969696
Epoch [9/50] - Train Loss: 0.0251 | Val Loss: 0.0351 | Val Dice: 0.733808952941481 | Val IoU : 0.5985033177747959
Epoch [10/50] - Train Loss: 0.0236 | Val Loss: 0.0283 | Val Dice: 0.7615302775287369 | Val IoU : 0.6348543141269425
Epoch [11/50] - Train Loss: 0.0234 | Val Loss: 0.0262 | Val Dice: 0.7705645842280814 | Val IoU : 0.645586112327369
Epoch [12/50] - Train Loss: 0.0252 | Val Loss: 0.0316 | Val Dice: 0.7477031689349228 | Val IoU : 0.6191668523359428
Epoch [13/50] - Train Loss: 0.0230 | Val Loss: 0.0316 | Val Dice: 0.747552430403588 | Val IoU : 0.6151355107625326
Epoch [14/50] - Train Loss: 0.0223 | Val Loss: 0.0265 | Val Dice: 0.7689392174162516 | Val IoU : 0.6423849799445651
Epoch [15/50] - Train Loss: 0.0217 | Val Loss: 0.0282 | Val Dice: 0.7615939721182433 | Val IoU : 0.6332196793582058
Epoch [16/50] - Train Loss: 0.0219 | Val Loss: 0.0270 | Val Dice: 0.7668807206115102 | Val IoU : 0.6409914554942268
Epoch [17/50] - Train Loss: 0.0215 | Val Loss: 0.0264 | Val Dice: 0.7693381706873575 | Val IoU : 0.6435412712859591
Epoch [18/50] - Train Loss: 0.0210 | Val Loss: 0.0261 | Val Dice: 0.7708864354182711 | Val IoU : 0.6446180312937191
Epoch [19/50] - Train Loss: 0.0209 | Val Loss: 0.0272 | Val Dice: 0.7659672453474546 | Val IoU : 0.6402214180809372
Epoch [20/50] - Train Loss: 0.0220 | Val Loss: 0.0280 | Val Dice: 0.7624704067300005 | Val IoU : 0.6361237152159053
Epoch [21/50] - Train Loss: 0.0214 | Val Loss: 0.0257 | Val Dice: 0.7725033605001806 | Val IoU : 0.6476246748513322
Epoch [22/50] - Train Loss: 0.0210 | Val Loss: 0.0264 | Val Dice: 0.7696333960465945 | Val IoU : 0.644124223610896
Epoch [23/50] - Train Loss: 0.0204 | Val Loss: 0.0256 | Val Dice: 0.7728949342639788 | Val IoU : 0.6474545493035458
Epoch [24/50] - Train Loss: 0.0203 | Val Loss: 0.0272 | Val Dice: 0.7661174595517518 | Val IoU : 0.6390379930576335
Epoch [25/50] - Train Loss: 0.0203 | Val Loss: 0.0267 | Val Dice: 0.7683424807499418 | Val IoU : 0.6429583262298811
Epoch [26/50] - Train Loss: 0.0204 | Val Loss: 0.0260 | Val Dice: 0.7714070934590286 | Val IoU : 0.6464949490901254
Epoch [27/50] - Train Loss: 0.0200 | Val Loss: 0.0258 | Val Dice: 0.7720690741125484 | Val IoU : 0.6467490795505079
Epoch [28/50] - Train Loss: 0.0197 | Val Loss: 0.0255 | Val Dice: 0.7737057049099992 | Val IoU : 0.6487945881962454
Epoch [29/50] - Train Loss: 0.0197 | Val Loss: 0.0274 | Val Dice: 0.7652207506381399 | Val IoU : 0.6397303103754514
Epoch [30/50] - Train Loss: 0.0202 | Val Loss: 0.0261 | Val Dice: 0.7710640621056079 | Val IoU : 0.6450196055538933
Epoch [31/50] - Train Loss: 0.0197 | Val Loss: 0.0280 | Val Dice: 0.762719870098238 | Val IoU : 0.6343754715712736
Epoch [32/50] - Train Loss: 0.0205 | Val Loss: 0.0264 | Val Dice: 0.7697615230955729 | Val IoU : 0.6440663562234501
Epoch [33/50] - Train Loss: 0.0200 | Val Loss: 0.0276 | Val Dice: 0.7644851865161079 | Val IoU : 0.6384752315234362
Epoch [34/50] - Train Loss: 0.0197 | Val Loss: 0.0261 | Val Dice: 0.7707254003056989 | Val IoU : 0.6448043221380653
Epoch [35/50] - Train Loss: 0.0194 | Val Loss: 0.0265 | Val Dice: 0.7688723673342366 | Val IoU : 0.6432117939318421
Epoch [36/50] - Train Loss: 0.0192 | Val Loss: 0.0258 | Val Dice: 0.7721445413462837 | Val IoU : 0.647251386144943
Epoch [37/50] - Train Loss: 0.0194 | Val Loss: 0.0258 | Val Dice: 0.7721380110032513 | Val IoU : 0.6467925276213545
Epoch [38/50] - Train Loss: 0.0197 | Val Loss: 0.0263 | Val Dice: 0.77017183613971 | Val IoU : 0.643931641972808
Epoch [39/50] - Train Loss: 0.0190 | Val Loss: 0.0263 | Val Dice: 0.7700535540335224 | Val IoU : 0.6449321275804101
Epoch [40/50] - Train Loss: 0.0191 | Val Loss: 0.0280 | Val Dice: 0.7625441693355074 | Val IoU : 0.6349941283706727
Epoch [41/50] - Train Loss: 0.0212 | Val Loss: 0.0265 | Val Dice: 0.7687794881138376 | Val IoU : 0.6426801778436676
Epoch [42/50] - Train Loss: 0.0188 | Val Loss: 0.0261 | Val Dice: 0.7707211632069534 | Val IoU : 0.6454822514761431
Epoch [43/50] - Train Loss: 0.0183 | Val Loss: 0.0263 | Val Dice: 0.7699820391207852 | Val IoU : 0.6447965092452238
Epoch [44/50] - Train Loss: 0.0178 | Val Loss: 0.0255 | Val Dice: 0.7735743878010489 | Val IoU : 0.6488403744167752
Epoch [45/50] - Train Loss: 0.0176 | Val Loss: 0.0266 | Val Dice: 0.7686219241237899 | Val IoU : 0.6426502618040173
Epoch [46/50] - Train Loss: 0.0173 | Val Loss: 0.0254 | Val Dice: 0.7738515374460194 | Val IoU : 0.6493911391028221
Epoch [47/50] - Train Loss: 0.0169 | Val Loss: 0.0255 | Val Dice: 0.7736642711207795 | Val IoU : 0.6487177056348744
Epoch [48/50] - Train Loss: 0.0165 | Val Loss: 0.0254 | Val Dice: 0.7737952044339684 | Val IoU : 0.6492916379517656
Epoch [49/50] - Train Loss: 0.0163 | Val Loss: 0.0252 | Val Dice: 0.7746584659346397 | Val IoU : 0.650130098105123
Epoch [50/50] - Train Loss: 0.0157 | Val Loss: 0.0253 | Val Dice: 0.7745020996910447 | Val IoU : 0.6500754666522266
Save model to path models//localized_lora_123_25.pth
Load model from models//localized_lora_123_25.pth
Test Dice 0.7638384026029835, Test IoU 0.636697618857674
[1;34mwandb[0m: 
[1;34mwandb[0m: 🚀 View run [33mlocalized_lora_123_25[0m at: [34mhttps://wandb.ai/drn201911051920-heidelberg-university/Lora_vit_segmentation_training/runs/li8swdb5[0m
[1;34mwandb[0m: Find logs at: [1;35mwandb/run-20250924_140650-li8swdb5/logs[0m
