Active Conda env:                       *  /csghome/sm330/conda_envs/seml_pyt-tf
Running lora with seed 30 and 1.0 data
Using cuda
[INFO] Using 100.0% of dataset: 7390 datapoints out of 7390 total files.
train_size: 5173, val_size: 1478 and test_size: 739
Epoch [1/50] - Train Loss: 0.0687 | Val Loss: 0.0360 | Val Dice: 0.7302682990956855 | Val IoU : 0.5952787536406872
Epoch [2/50] - Train Loss: 0.0340 | Val Loss: 0.0300 | Val Dice: 0.7542690734740685 | Val IoU : 0.6259878223739231
Epoch [3/50] - Train Loss: 0.0461 | Val Loss: 0.0295 | Val Dice: 0.7564090440334583 | Val IoU : 0.626920873967172
Epoch [4/50] - Train Loss: 0.0308 | Val Loss: 0.0290 | Val Dice: 0.7584642953414555 | Val IoU : 0.6307289996392349
Epoch [5/50] - Train Loss: 0.0296 | Val Loss: 0.0284 | Val Dice: 0.7608712634149843 | Val IoU : 0.6320509262917329
Epoch [6/50] - Train Loss: 0.0315 | Val Loss: 0.0284 | Val Dice: 0.7609793786589606 | Val IoU : 0.6325146844648379
Epoch [7/50] - Train Loss: 0.0293 | Val Loss: 0.0308 | Val Dice: 0.751030386462102 | Val IoU : 0.6210259834710251
Epoch [8/50] - Train Loss: 0.0279 | Val Loss: 0.0286 | Val Dice: 0.7598178905305101 | Val IoU : 0.6321363418447471
Epoch [9/50] - Train Loss: 0.0285 | Val Loss: 0.0285 | Val Dice: 0.7604547228477643 | Val IoU : 0.6320062903977215
Epoch [10/50] - Train Loss: 0.0282 | Val Loss: 0.0266 | Val Dice: 0.7685630868349088 | Val IoU : 0.6421875145503084
Epoch [11/50] - Train Loss: 0.0279 | Val Loss: 0.0272 | Val Dice: 0.7661006728109068 | Val IoU : 0.6395583778660094
Epoch [12/50] - Train Loss: 0.0274 | Val Loss: 0.0286 | Val Dice: 0.7598066954232037 | Val IoU : 0.6329472755385671
Epoch [13/50] - Train Loss: 0.0279 | Val Loss: 0.0265 | Val Dice: 0.7691437814974494 | Val IoU : 0.6432278470838183
Epoch [14/50] - Train Loss: 0.0282 | Val Loss: 0.0265 | Val Dice: 0.7692456543042309 | Val IoU : 0.6421527627033858
Epoch [15/50] - Train Loss: 0.0279 | Val Loss: 0.0273 | Val Dice: 0.7655438007295373 | Val IoU : 0.6385457210837585
Epoch [16/50] - Train Loss: 0.0284 | Val Loss: 0.0312 | Val Dice: 0.7494139250302347 | Val IoU : 0.6197249915990197
Epoch [17/50] - Train Loss: 0.0271 | Val Loss: 0.0266 | Val Dice: 0.7685643912006941 | Val IoU : 0.6422082999562378
Epoch [18/50] - Train Loss: 0.0272 | Val Loss: 0.0268 | Val Dice: 0.7677152095531418 | Val IoU : 0.6404076198441089
Epoch [19/50] - Train Loss: 0.0273 | Val Loss: 0.0266 | Val Dice: 0.7685680839463725 | Val IoU : 0.6428665129999669
Epoch [20/50] - Train Loss: 0.0273 | Val Loss: 0.0291 | Val Dice: 0.7579032725507093 | Val IoU : 0.6307114258670677
Epoch [21/50] - Train Loss: 0.0269 | Val Loss: 0.0261 | Val Dice: 0.7710445043359945 | Val IoU : 0.6453482897420375
Epoch [22/50] - Train Loss: 0.0270 | Val Loss: 0.0275 | Val Dice: 0.7649067120881139 | Val IoU : 0.6388097535289512
Epoch [23/50] - Train Loss: 0.0277 | Val Loss: 0.0291 | Val Dice: 0.7577308405881321 | Val IoU : 0.6302554201692625
Epoch [24/50] - Train Loss: 0.0269 | Val Loss: 0.0265 | Val Dice: 0.7690851026200797 | Val IoU : 0.6429821023760371
Epoch [25/50] - Train Loss: 0.0268 | Val Loss: 0.0281 | Val Dice: 0.7623179850946099 | Val IoU : 0.6356538252675646
Epoch [26/50] - Train Loss: 0.0272 | Val Loss: 0.0264 | Val Dice: 0.7696766332295977 | Val IoU : 0.6436040706337708
Epoch [27/50] - Train Loss: 0.0276 | Val Loss: 0.0280 | Val Dice: 0.7625434000211414 | Val IoU : 0.6356298308895147
Epoch [28/50] - Train Loss: 0.0276 | Val Loss: 0.0270 | Val Dice: 0.7670463388117789 | Val IoU : 0.6400171718352219
Epoch [29/50] - Train Loss: 0.0277 | Val Loss: 0.0276 | Val Dice: 0.7644920297501374 | Val IoU : 0.6375997698839365
Epoch [30/50] - Train Loss: 0.0270 | Val Loss: 0.0282 | Val Dice: 0.7614845681093704 | Val IoU : 0.6345054687118014
Epoch [31/50] - Train Loss: 0.2410 | Val Loss: 0.3641 | Val Dice: 0.09410126404446097 | Val IoU : 0.07416999601180563
Epoch [32/50] - Train Loss: 0.2072 | Val Loss: 0.2895 | Val Dice: 0.20201236727434502 | Val IoU : 0.11970686953872725
Epoch [33/50] - Train Loss: 0.2388 | Val Loss: 0.2191 | Val Dice: 0.31373673040263544 | Val IoU : 0.18908745201659943
Epoch [34/50] - Train Loss: 0.2195 | Val Loss: 0.2186 | Val Dice: 0.3146671664488977 | Val IoU : 0.19030377708365373
Epoch [35/50] - Train Loss: 0.2642 | Val Loss: 0.2913 | Val Dice: 0.1992180137132598 | Val IoU : 0.11670789426048973
Epoch [36/50] - Train Loss: 0.1951 | Val Loss: 0.0556 | Val Dice: 0.6639091597519644 | Val IoU : 0.522317286192645
Epoch [37/50] - Train Loss: 0.0368 | Val Loss: 0.0308 | Val Dice: 0.7507377193487061 | Val IoU : 0.6216804290011384
Epoch [38/50] - Train Loss: 0.0302 | Val Loss: 0.0301 | Val Dice: 0.753901737629964 | Val IoU : 0.624507753065055
Epoch [39/50] - Train Loss: 0.0304 | Val Loss: 0.0299 | Val Dice: 0.7544069151433137 | Val IoU : 0.6253331089052038
Epoch [40/50] - Train Loss: 0.0298 | Val Loss: 0.0280 | Val Dice: 0.7624694663874997 | Val IoU : 0.6345635540430536
Epoch [41/50] - Train Loss: 0.0286 | Val Loss: 0.0292 | Val Dice: 0.7576096789440057 | Val IoU : 0.629095327305697
Epoch [42/50] - Train Loss: 0.0285 | Val Loss: 0.0281 | Val Dice: 0.7622962948917859 | Val IoU : 0.6346081645304844
Epoch [43/50] - Train Loss: 0.0288 | Val Loss: 0.0279 | Val Dice: 0.7631750301998588 | Val IoU : 0.636593234635819
Epoch [44/50] - Train Loss: 0.0273 | Val Loss: 0.0265 | Val Dice: 0.7689406713710264 | Val IoU : 0.643094238634845
Epoch [45/50] - Train Loss: 0.0263 | Val Loss: 0.0268 | Val Dice: 0.7678158697804515 | Val IoU : 0.6405251685918103
Epoch [46/50] - Train Loss: 0.0255 | Val Loss: 0.0256 | Val Dice: 0.7729582621215645 | Val IoU : 0.6471053492555116
Epoch [47/50] - Train Loss: 0.0254 | Val Loss: 0.0255 | Val Dice: 0.7733307825212389 | Val IoU : 0.6482806700169637
Epoch [48/50] - Train Loss: 0.0246 | Val Loss: 0.0253 | Val Dice: 0.7746176800321339 | Val IoU : 0.6494400689179262
Epoch [49/50] - Train Loss: 0.0236 | Val Loss: 0.0250 | Val Dice: 0.7757682618010835 | Val IoU : 0.6515626877505982
Epoch [50/50] - Train Loss: 0.0228 | Val Loss: 0.0245 | Val Dice: 0.7782334324794145 | Val IoU : 0.6540577635874768
Save model to path models//lora_30_100.pth
Load model from models//lora_30_100.pth
Test Dice 0.7786100792304105, Test IoU 0.654501168024556
[1;34mwandb[0m: 
[1;34mwandb[0m: 🚀 View run [33mlora_30_100[0m at: [34mhttps://wandb.ai/drn201911051920-heidelberg-university/Lora_vit_segmentation_training/runs/bqjdo0nm[0m
[1;34mwandb[0m: Find logs at: [1;35mwandb/run-20250925_093253-bqjdo0nm/logs[0m
