Active Conda env:                       *  /csghome/sm330/conda_envs/seml_pyt-tf
Running lora with seed 20 and 1.0 data
Using cuda
[INFO] Using 100.0% of dataset: 7390 datapoints out of 7390 total files.
train_size: 5173, val_size: 1478 and test_size: 739
Epoch [1/50] - Train Loss: 0.0690 | Val Loss: 0.0355 | Val Dice: 0.7322355187794191 | Val IoU : 0.5986345021585973
Epoch [2/50] - Train Loss: 0.0352 | Val Loss: 0.0375 | Val Dice: 0.7245814267127536 | Val IoU : 0.5877516018037706
Epoch [3/50] - Train Loss: 0.0366 | Val Loss: 0.0934 | Val Dice: 0.5618404963019736 | Val IoU : 0.4172498939485769
Epoch [4/50] - Train Loss: 0.2689 | Val Loss: 0.2187 | Val Dice: 0.3145274109382268 | Val IoU : 0.19502478368146817
Epoch [5/50] - Train Loss: 0.2068 | Val Loss: 0.1459 | Val Dice: 0.44722762203829536 | Val IoU : 0.31198272851065145
Epoch [6/50] - Train Loss: 0.1456 | Val Loss: 0.0405 | Val Dice: 0.7139372794166792 | Val IoU : 0.577328202366345
Epoch [7/50] - Train Loss: 0.0334 | Val Loss: 0.0289 | Val Dice: 0.7585354437686109 | Val IoU : 0.6299200988751464
Epoch [8/50] - Train Loss: 0.0307 | Val Loss: 0.0276 | Val Dice: 0.7643044017487192 | Val IoU : 0.6371035503276469
Epoch [9/50] - Train Loss: 0.0289 | Val Loss: 0.0297 | Val Dice: 0.7552269177765905 | Val IoU : 0.6271739889223618
Epoch [10/50] - Train Loss: 0.0297 | Val Loss: 0.0286 | Val Dice: 0.7598172037462743 | Val IoU : 0.6326493693462728
Epoch [11/50] - Train Loss: 0.0297 | Val Loss: 0.0273 | Val Dice: 0.765692513027759 | Val IoU : 0.6386501747151996
Epoch [12/50] - Train Loss: 0.0290 | Val Loss: 0.0277 | Val Dice: 0.7637188986286582 | Val IoU : 0.6365564348571839
Epoch [13/50] - Train Loss: 0.0284 | Val Loss: 0.0283 | Val Dice: 0.761280091108908 | Val IoU : 0.6318553370777744
Epoch [14/50] - Train Loss: 0.0285 | Val Loss: 0.0287 | Val Dice: 0.759797789973077 | Val IoU : 0.6309936074829876
Epoch [15/50] - Train Loss: 0.0279 | Val Loss: 0.0284 | Val Dice: 0.7607831504896626 | Val IoU : 0.6324587860352615
Epoch [16/50] - Train Loss: 0.0283 | Val Loss: 0.0315 | Val Dice: 0.7480133504925626 | Val IoU : 0.6184490830391767
Epoch [17/50] - Train Loss: 0.0280 | Val Loss: 0.0281 | Val Dice: 0.7622052727919955 | Val IoU : 0.6353626629496459
Epoch [18/50] - Train Loss: 0.0279 | Val Loss: 0.0285 | Val Dice: 0.7602764829408494 | Val IoU : 0.6330768069975754
Epoch [19/50] - Train Loss: 0.0284 | Val Loss: 0.0279 | Val Dice: 0.7630614118905126 | Val IoU : 0.6364613806927156
Epoch [20/50] - Train Loss: 0.0276 | Val Loss: 0.0284 | Val Dice: 0.7608659904606448 | Val IoU : 0.6331004235031479
Epoch [21/50] - Train Loss: 0.0286 | Val Loss: 0.0278 | Val Dice: 0.7635900812962059 | Val IoU : 0.6367721229348035
Epoch [22/50] - Train Loss: 0.0306 | Val Loss: 0.0378 | Val Dice: 0.7235313985441308 | Val IoU : 0.5872704431878375
Epoch [23/50] - Train Loss: 0.0294 | Val Loss: 0.0273 | Val Dice: 0.7653468430284234 | Val IoU : 0.6389535120278799
Epoch [24/50] - Train Loss: 0.0276 | Val Loss: 0.0285 | Val Dice: 0.7602400982976766 | Val IoU : 0.6324889301769788
Epoch [25/50] - Train Loss: 0.0278 | Val Loss: 0.0278 | Val Dice: 0.7634920789198559 | Val IoU : 0.6366358827673534
Epoch [26/50] - Train Loss: 0.0294 | Val Loss: 0.0334 | Val Dice: 0.7404902749197086 | Val IoU : 0.6091461778493631
Epoch [27/50] - Train Loss: 0.0295 | Val Loss: 0.0285 | Val Dice: 0.7603834300467062 | Val IoU : 0.6324842909353512
Epoch [28/50] - Train Loss: 0.0276 | Val Loss: 0.0287 | Val Dice: 0.7595067627536428 | Val IoU : 0.6325207008237929
Epoch [29/50] - Train Loss: 0.0276 | Val Loss: 0.0273 | Val Dice: 0.7655860847807382 | Val IoU : 0.638116459159309
Epoch [30/50] - Train Loss: 0.0282 | Val Loss: 0.0267 | Val Dice: 0.7681665949634351 | Val IoU : 0.6419779222776183
Epoch [31/50] - Train Loss: 0.0272 | Val Loss: 0.0290 | Val Dice: 0.7582657487208531 | Val IoU : 0.6307223590042982
Epoch [32/50] - Train Loss: 0.0288 | Val Loss: 0.0270 | Val Dice: 0.7666866652697768 | Val IoU : 0.6406001846264437
Epoch [33/50] - Train Loss: 0.0273 | Val Loss: 0.0271 | Val Dice: 0.7663789997242785 | Val IoU : 0.6395862441262954
Epoch [34/50] - Train Loss: 0.0275 | Val Loss: 0.0278 | Val Dice: 0.7635600820123262 | Val IoU : 0.6357725524773294
Epoch [35/50] - Train Loss: 0.0281 | Val Loss: 0.0270 | Val Dice: 0.7666570483751001 | Val IoU : 0.6403481484427342
Epoch [36/50] - Train Loss: 0.0279 | Val Loss: 0.0275 | Val Dice: 0.7649241447932665 | Val IoU : 0.6379530503236877
Epoch [37/50] - Train Loss: 0.0279 | Val Loss: 0.0272 | Val Dice: 0.7659600196413807 | Val IoU : 0.6397044055355418
Epoch [38/50] - Train Loss: 0.0270 | Val Loss: 0.0280 | Val Dice: 0.7625258526234246 | Val IoU : 0.6360997216465992
Epoch [39/50] - Train Loss: 0.0271 | Val Loss: 0.0269 | Val Dice: 0.7673147193311193 | Val IoU : 0.6404089348564612
Epoch [40/50] - Train Loss: 0.1226 | Val Loss: 0.2840 | Val Dice: 0.21034058730882946 | Val IoU : 0.12305849167506976
Epoch [41/50] - Train Loss: 0.2625 | Val Loss: 0.2202 | Val Dice: 0.312049328554951 | Val IoU : 0.18977833850780584
Epoch [42/50] - Train Loss: 0.2227 | Val Loss: 0.2144 | Val Dice: 0.3218009307758734 | Val IoU : 0.19504533153586845
Epoch [43/50] - Train Loss: 0.1679 | Val Loss: 0.0561 | Val Dice: 0.6624770466142481 | Val IoU : 0.520286368984976
Epoch [44/50] - Train Loss: 0.0368 | Val Loss: 0.0340 | Val Dice: 0.7380625062769579 | Val IoU : 0.6066751611571511
Epoch [45/50] - Train Loss: 0.0300 | Val Loss: 0.0286 | Val Dice: 0.7598403821294782 | Val IoU : 0.6322431636114727
Epoch [46/50] - Train Loss: 0.0281 | Val Loss: 0.0288 | Val Dice: 0.7589195385998737 | Val IoU : 0.6312175768960635
Epoch [47/50] - Train Loss: 0.0264 | Val Loss: 0.0265 | Val Dice: 0.7689863049774274 | Val IoU : 0.6427301228127072
Epoch [48/50] - Train Loss: 0.0256 | Val Loss: 0.0270 | Val Dice: 0.767052611978838 | Val IoU : 0.6401160736851828
Epoch [49/50] - Train Loss: 0.0246 | Val Loss: 0.0255 | Val Dice: 0.7736650113323867 | Val IoU : 0.6487381028386995
Epoch [50/50] - Train Loss: 0.0232 | Val Loss: 0.0251 | Val Dice: 0.7753921712525642 | Val IoU : 0.6505710293056194
Save model to path models//lora_20_100.pth
Load model from models//lora_20_100.pth
Test Dice 0.7771284588296294, Test IoU 0.6529214683017808
[1;34mwandb[0m: 
[1;34mwandb[0m: 🚀 View run [33mlora_20_100[0m at: [34mhttps://wandb.ai/drn201911051920-heidelberg-university/Lora_vit_segmentation_training/runs/5g12700w[0m
[1;34mwandb[0m: Find logs at: [1;35mwandb/run-20250925_091038-5g12700w/logs[0m
