Active Conda env:                       *  /csghome/sm330/conda_envs/seml_pyt-tf
Running lora with seed 10 and 0.75 data
Using cuda
[INFO] Using 75.0% of dataset: 5542 datapoints out of 7390 total files.
train_size: 3880, val_size: 1108 and test_size: 554
Epoch [1/50] - Train Loss: 0.0777 | Val Loss: 0.0424 | Val Dice: 0.706957141845235 | Val IoU : 0.5730328628732839
Epoch [2/50] - Train Loss: 0.0382 | Val Loss: 0.0557 | Val Dice: 0.6633886669086635 | Val IoU : 0.5227375899841639
Epoch [3/50] - Train Loss: 0.0368 | Val Loss: 0.0308 | Val Dice: 0.7509542499208278 | Val IoU : 0.6224307273699489
Epoch [4/50] - Train Loss: 0.0307 | Val Loss: 0.0339 | Val Dice: 0.7385169515110526 | Val IoU : 0.607089112812001
Epoch [5/50] - Train Loss: 0.0306 | Val Loss: 0.0297 | Val Dice: 0.7553704131381176 | Val IoU : 0.6278348392958245
Epoch [6/50] - Train Loss: 0.0300 | Val Loss: 0.0280 | Val Dice: 0.762791841038728 | Val IoU : 0.6353351874041644
Epoch [7/50] - Train Loss: 0.0288 | Val Loss: 0.0282 | Val Dice: 0.7617563336334504 | Val IoU : 0.6326433392207975
Epoch [8/50] - Train Loss: 0.0287 | Val Loss: 0.0280 | Val Dice: 0.7628207348744361 | Val IoU : 0.6354906808598377
Epoch [9/50] - Train Loss: 0.0286 | Val Loss: 0.0276 | Val Dice: 0.7643051384158083 | Val IoU : 0.636288944134213
Epoch [10/50] - Train Loss: 0.0281 | Val Loss: 0.0286 | Val Dice: 0.7598304184765592 | Val IoU : 0.6325433979395925
Epoch [11/50] - Train Loss: 0.0280 | Val Loss: 0.0287 | Val Dice: 0.759987212045098 | Val IoU : 0.6306935533719803
Epoch [12/50] - Train Loss: 0.0283 | Val Loss: 0.0305 | Val Dice: 0.7522232297955868 | Val IoU : 0.6223174677859145
Epoch [13/50] - Train Loss: 0.0279 | Val Loss: 0.0298 | Val Dice: 0.7547548667188155 | Val IoU : 0.6261739190735112
Epoch [14/50] - Train Loss: 0.1595 | Val Loss: 0.3375 | Val Dice: 0.13150150675851086 | Val IoU : 0.0734811300405096
Epoch [15/50] - Train Loss: 0.3159 | Val Loss: 0.3370 | Val Dice: 0.13218773826149827 | Val IoU : 0.07383213684446975
Epoch [16/50] - Train Loss: 0.3030 | Val Loss: 0.2265 | Val Dice: 0.30155444252792246 | Val IoU : 0.18041483374709258
Epoch [17/50] - Train Loss: 0.2606 | Val Loss: 0.2361 | Val Dice: 0.2857579275804306 | Val IoU : 0.17367212226890055
Epoch [18/50] - Train Loss: 0.2088 | Val Loss: 0.2002 | Val Dice: 0.34613671576073024 | Val IoU : 0.21459349177589485
Epoch [19/50] - Train Loss: 0.1166 | Val Loss: 0.1087 | Val Dice: 0.5264036444550387 | Val IoU : 0.37954241144958384
Epoch [20/50] - Train Loss: 0.3125 | Val Loss: 0.3649 | Val Dice: 0.09293889033772885 | Val IoU : 0.07348531611021675
Epoch [21/50] - Train Loss: 0.3434 | Val Loss: 0.3505 | Val Dice: 0.11307757961082975 | Val IoU : 0.07348113030948364
Epoch [22/50] - Train Loss: 0.3438 | Val Loss: 0.3505 | Val Dice: 0.11307845818759732 | Val IoU : 0.07348189720823446
Epoch [23/50] - Train Loss: 0.3451 | Val Loss: 0.3505 | Val Dice: 0.11307757961082975 | Val IoU : 0.07348113030948364
Epoch [24/50] - Train Loss: 0.1896 | Val Loss: 0.0501 | Val Dice: 0.6810810583162824 | Val IoU : 0.544663542229346
Epoch [25/50] - Train Loss: 0.0442 | Val Loss: 0.0361 | Val Dice: 0.729959870934056 | Val IoU : 0.5983341699903192
Epoch [26/50] - Train Loss: 0.0328 | Val Loss: 0.0306 | Val Dice: 0.7515113104121349 | Val IoU : 0.6218354549218601
Epoch [27/50] - Train Loss: 0.0303 | Val Loss: 0.0306 | Val Dice: 0.7515366987631209 | Val IoU : 0.6230341475793171
Epoch [28/50] - Train Loss: 0.0298 | Val Loss: 0.0339 | Val Dice: 0.7384368757908956 | Val IoU : 0.6088146554433912
Epoch [29/50] - Train Loss: 0.0287 | Val Loss: 0.0309 | Val Dice: 0.7504449187633363 | Val IoU : 0.6218653650490386
Epoch [30/50] - Train Loss: 0.0282 | Val Loss: 0.0268 | Val Dice: 0.767932352391391 | Val IoU : 0.6408828434531009
Epoch [31/50] - Train Loss: 0.0281 | Val Loss: 0.0267 | Val Dice: 0.768391463945919 | Val IoU : 0.6425491803819953
Epoch [32/50] - Train Loss: 0.0282 | Val Loss: 0.0276 | Val Dice: 0.764544160142272 | Val IoU : 0.6375079277620419
Epoch [33/50] - Train Loss: 0.0282 | Val Loss: 0.0352 | Val Dice: 0.7336347944469659 | Val IoU : 0.5993821745745112
Epoch [34/50] - Train Loss: 0.0280 | Val Loss: 0.0293 | Val Dice: 0.7568949381366964 | Val IoU : 0.6261417383751714
Epoch [35/50] - Train Loss: 0.0270 | Val Loss: 0.0267 | Val Dice: 0.7682055678178257 | Val IoU : 0.6408351315488023
Epoch [36/50] - Train Loss: 0.0268 | Val Loss: 0.0291 | Val Dice: 0.757821582284645 | Val IoU : 0.628378448073184
Epoch [37/50] - Train Loss: 0.0268 | Val Loss: 0.0274 | Val Dice: 0.7651448609166197 | Val IoU : 0.6392918125817061
Epoch [38/50] - Train Loss: 0.0273 | Val Loss: 0.0322 | Val Dice: 0.7451596163240151 | Val IoU : 0.6161348796062951
Epoch [39/50] - Train Loss: 0.0286 | Val Loss: 0.0292 | Val Dice: 0.7574852502733361 | Val IoU : 0.6274460085032219
Epoch [40/50] - Train Loss: 0.0276 | Val Loss: 0.0283 | Val Dice: 0.7612975173048164 | Val IoU : 0.6339521537188588
Epoch [41/50] - Train Loss: 0.0266 | Val Loss: 0.0270 | Val Dice: 0.7667000629411277 | Val IoU : 0.6399923933111804
Epoch [42/50] - Train Loss: 0.0265 | Val Loss: 0.0260 | Val Dice: 0.7711460964774397 | Val IoU : 0.6458407857788169
Epoch [43/50] - Train Loss: 0.0257 | Val Loss: 0.0256 | Val Dice: 0.772920780448707 | Val IoU : 0.6479208232693724
Epoch [44/50] - Train Loss: 0.0255 | Val Loss: 0.0265 | Val Dice: 0.76884084014686 | Val IoU : 0.6428681577586095
Epoch [45/50] - Train Loss: 0.0248 | Val Loss: 0.0247 | Val Dice: 0.7772359785620486 | Val IoU : 0.652689606274078
Epoch [46/50] - Train Loss: 0.0249 | Val Loss: 0.0248 | Val Dice: 0.7768671497541214 | Val IoU : 0.6521837730700358
Epoch [47/50] - Train Loss: 0.0242 | Val Loss: 0.0267 | Val Dice: 0.7680619847473255 | Val IoU : 0.6431946291820237
Epoch [48/50] - Train Loss: 0.0235 | Val Loss: 0.0244 | Val Dice: 0.7786850804456305 | Val IoU : 0.6546643645324431
Epoch [49/50] - Train Loss: 0.0228 | Val Loss: 0.0244 | Val Dice: 0.7784907096990179 | Val IoU : 0.6543862324759417
Epoch [50/50] - Train Loss: 0.0221 | Val Loss: 0.0239 | Val Dice: 0.7805741820955104 | Val IoU : 0.6570025288671363
Save model to path models//lora_10_75.pth
Load model from models//lora_10_75.pth
Test Dice 0.7859221257888023, Test IoU 0.6641845565410297
[1;34mwandb[0m: 
[1;34mwandb[0m: 🚀 View run [33mlora_10_75[0m at: [34mhttps://wandb.ai/drn201911051920-heidelberg-university/Lora_vit_segmentation_training/runs/jxwm1iin[0m
[1;34mwandb[0m: Find logs at: [1;35mwandb/run-20250925_023203-jxwm1iin/logs[0m
