Active Conda env:                       *  /csghome/sm330/conda_envs/seml_pyt-tf
Running lora with seed 30 and 0.5 data
Using cuda
[INFO] Using 50.0% of dataset: 3695 datapoints out of 7390 total files.
train_size: 2587, val_size: 739 and test_size: 369
Epoch [1/50] - Train Loss: 0.0868 | Val Loss: 0.0399 | Val Dice: 0.7161754249558558 | Val IoU : 0.5812836860448969
Epoch [2/50] - Train Loss: 0.0427 | Val Loss: 0.0332 | Val Dice: 0.741466834677411 | Val IoU : 0.6104397068004325
Epoch [3/50] - Train Loss: 0.0385 | Val Loss: 0.0384 | Val Dice: 0.7214628410436142 | Val IoU : 0.588814263495444
Epoch [4/50] - Train Loss: 0.0345 | Val Loss: 0.0451 | Val Dice: 0.6976714004360451 | Val IoU : 0.5636408754066137
Epoch [5/50] - Train Loss: 0.0314 | Val Loss: 0.0270 | Val Dice: 0.7671441498725436 | Val IoU : 0.640439131021177
Epoch [6/50] - Train Loss: 0.0293 | Val Loss: 0.0277 | Val Dice: 0.7638586918459209 | Val IoU : 0.637357270040112
Epoch [7/50] - Train Loss: 0.0298 | Val Loss: 0.0284 | Val Dice: 0.7611725921559882 | Val IoU : 0.6323864220443695
Epoch [8/50] - Train Loss: 0.0293 | Val Loss: 0.0302 | Val Dice: 0.7534699976363589 | Val IoU : 0.6244785825196396
Epoch [9/50] - Train Loss: 0.0291 | Val Loss: 0.0264 | Val Dice: 0.7694869827837034 | Val IoU : 0.6431492319449036
Epoch [10/50] - Train Loss: 0.0316 | Val Loss: 0.0259 | Val Dice: 0.7719871542934474 | Val IoU : 0.6466327878231931
Epoch [11/50] - Train Loss: 0.0284 | Val Loss: 0.0355 | Val Dice: 0.7323813164185768 | Val IoU : 0.5982253624073385
Epoch [12/50] - Train Loss: 0.0289 | Val Loss: 0.0252 | Val Dice: 0.7749966970961213 | Val IoU : 0.6500235741128779
Epoch [13/50] - Train Loss: 0.0280 | Val Loss: 0.0246 | Val Dice: 0.7779561578824169 | Val IoU : 0.6538250905251148
Epoch [14/50] - Train Loss: 0.0274 | Val Loss: 0.0261 | Val Dice: 0.7711835311617354 | Val IoU : 0.6456283866471948
Epoch [15/50] - Train Loss: 0.0277 | Val Loss: 0.0261 | Val Dice: 0.7711867797358595 | Val IoU : 0.645787847461494
Epoch [16/50] - Train Loss: 0.0274 | Val Loss: 0.0251 | Val Dice: 0.7753036744055793 | Val IoU : 0.6503312848256309
Epoch [17/50] - Train Loss: 0.0271 | Val Loss: 0.0259 | Val Dice: 0.7717827441566529 | Val IoU : 0.6466154998145665
Epoch [18/50] - Train Loss: 0.0269 | Val Loss: 0.0249 | Val Dice: 0.7764273307642853 | Val IoU : 0.6514995673996509
Epoch [19/50] - Train Loss: 0.0274 | Val Loss: 0.0261 | Val Dice: 0.7709840004595755 | Val IoU : 0.6461948821767257
Epoch [20/50] - Train Loss: 0.0288 | Val Loss: 0.0253 | Val Dice: 0.7744730406910867 | Val IoU : 0.6488108593814267
Epoch [21/50] - Train Loss: 0.0269 | Val Loss: 0.0264 | Val Dice: 0.7694966943886671 | Val IoU : 0.6429370313439221
Epoch [22/50] - Train Loss: 0.0266 | Val Loss: 0.0334 | Val Dice: 0.740547161463633 | Val IoU : 0.6071370313390182
Epoch [23/50] - Train Loss: 0.0267 | Val Loss: 0.0249 | Val Dice: 0.7763138944951059 | Val IoU : 0.6512338433601215
Epoch [24/50] - Train Loss: 0.0265 | Val Loss: 0.0270 | Val Dice: 0.7671183806633595 | Val IoU : 0.6392685473368519
Epoch [25/50] - Train Loss: 0.0277 | Val Loss: 0.0264 | Val Dice: 0.7697125241785475 | Val IoU : 0.643858187656764
Epoch [26/50] - Train Loss: 0.0269 | Val Loss: 0.0246 | Val Dice: 0.7775395206895346 | Val IoU : 0.6538330414137111
Epoch [27/50] - Train Loss: 0.0266 | Val Loss: 0.0258 | Val Dice: 0.7724835313705372 | Val IoU : 0.648194240862365
Epoch [28/50] - Train Loss: 0.0268 | Val Loss: 0.0284 | Val Dice: 0.7610575193803913 | Val IoU : 0.6342982019881273
Epoch [29/50] - Train Loss: 0.0738 | Val Loss: 0.3634 | Val Dice: 0.09504796190537684 | Val IoU : 0.07476690989264939
Epoch [30/50] - Train Loss: 0.2933 | Val Loss: 0.2404 | Val Dice: 0.2788645002048296 | Val IoU : 0.16524296557387091
Epoch [31/50] - Train Loss: 0.3159 | Val Loss: 0.3634 | Val Dice: 0.0950498737707351 | Val IoU : 0.07475063871183964
Epoch [32/50] - Train Loss: 0.3643 | Val Loss: 0.3634 | Val Dice: 0.09504796190537684 | Val IoU : 0.07476690989264939
Epoch [33/50] - Train Loss: 0.3600 | Val Loss: 0.3634 | Val Dice: 0.09507986353722896 | Val IoU : 0.07478411409988778
Epoch [34/50] - Train Loss: 0.2346 | Val Loss: 0.1318 | Val Dice: 0.475889737293104 | Val IoU : 0.3359527890753198
Epoch [35/50] - Train Loss: 0.2784 | Val Loss: 0.2963 | Val Dice: 0.19174879521171842 | Val IoU : 0.10818660444755193
Epoch [36/50] - Train Loss: 0.2507 | Val Loss: 0.2184 | Val Dice: 0.31504022030611 | Val IoU : 0.1901583850222447
Epoch [37/50] - Train Loss: 0.2291 | Val Loss: 0.2935 | Val Dice: 0.19597023487575 | Val IoU : 0.11389617464619818
Epoch [38/50] - Train Loss: 0.2676 | Val Loss: 0.2229 | Val Dice: 0.3072895922664054 | Val IoU : 0.204621656821771
Epoch [39/50] - Train Loss: 0.2566 | Val Loss: 0.2421 | Val Dice: 0.2760793724789187 | Val IoU : 0.16153608306899606
Epoch [40/50] - Train Loss: 0.2333 | Val Loss: 0.2025 | Val Dice: 0.3425071873829394 | Val IoU : 0.21087834521301382
Epoch [41/50] - Train Loss: 0.2078 | Val Loss: 0.1868 | Val Dice: 0.3702418803765422 | Val IoU : 0.23284080596350848
Epoch [42/50] - Train Loss: 0.2173 | Val Loss: 0.2173 | Val Dice: 0.31665556304187026 | Val IoU : 0.2125241154948494
Epoch [43/50] - Train Loss: 0.1106 | Val Loss: 0.0425 | Val Dice: 0.7068634788141521 | Val IoU : 0.5686800882361416
Epoch [44/50] - Train Loss: 0.0377 | Val Loss: 0.0342 | Val Dice: 0.7373104686666083 | Val IoU : 0.6040414960523097
Epoch [45/50] - Train Loss: 0.0316 | Val Loss: 0.0291 | Val Dice: 0.758000265519577 | Val IoU : 0.62836867861238
Epoch [46/50] - Train Loss: 0.0295 | Val Loss: 0.0275 | Val Dice: 0.7648174535276442 | Val IoU : 0.6371098497885006
Epoch [47/50] - Train Loss: 0.0276 | Val Loss: 0.0270 | Val Dice: 0.7671653275883408 | Val IoU : 0.641016538878739
Epoch [48/50] - Train Loss: 0.0263 | Val Loss: 0.0272 | Val Dice: 0.7661146407037046 | Val IoU : 0.6396731636682286
Epoch [49/50] - Train Loss: 0.0254 | Val Loss: 0.0262 | Val Dice: 0.770715355389173 | Val IoU : 0.6446459978939877
Epoch [50/50] - Train Loss: 0.0241 | Val Loss: 0.0256 | Val Dice: 0.7731171535864896 | Val IoU : 0.6478137490875182
Save model to path models//lora_30_50.pth
Load model from models//lora_30_50.pth
Test Dice 0.7710393403926838, Test IoU 0.6450751163772128
[1;34mwandb[0m: 
[1;34mwandb[0m: 🚀 View run [33mlora_30_50[0m at: [34mhttps://wandb.ai/drn201911051920-heidelberg-university/Lora_vit_segmentation_training/runs/5496r89c[0m
[1;34mwandb[0m: Find logs at: [1;35mwandb/run-20250924_232500-5496r89c/logs[0m
