Active Conda env:                       *  /csghome/sm330/conda_envs/seml_pyt-tf
Running lora with seed 20 and 0.5 data
Using cuda
[INFO] Using 50.0% of dataset: 3695 datapoints out of 7390 total files.
train_size: 2587, val_size: 739 and test_size: 369
Epoch [1/50] - Train Loss: 0.0852 | Val Loss: 0.0492 | Val Dice: 0.6841305735469349 | Val IoU : 0.5437654191489472
Epoch [2/50] - Train Loss: 0.0387 | Val Loss: 0.0347 | Val Dice: 0.7351705661000676 | Val IoU : 0.6018880946065157
Epoch [3/50] - Train Loss: 0.0401 | Val Loss: 0.0637 | Val Dice: 0.6396112282318095 | Val IoU : 0.49369761791377653
Epoch [4/50] - Train Loss: 0.0536 | Val Loss: 0.0672 | Val Dice: 0.6296495045957449 | Val IoU : 0.4892799886944168
Epoch [5/50] - Train Loss: 0.0502 | Val Loss: 0.0314 | Val Dice: 0.7482406593788622 | Val IoU : 0.6184299126852187
Epoch [6/50] - Train Loss: 0.0312 | Val Loss: 0.0309 | Val Dice: 0.7504912305104071 | Val IoU : 0.6198640643179175
Epoch [7/50] - Train Loss: 0.0282 | Val Loss: 0.0328 | Val Dice: 0.7427180920789304 | Val IoU : 0.6117345603618958
Epoch [8/50] - Train Loss: 0.0268 | Val Loss: 0.0282 | Val Dice: 0.7618365711223772 | Val IoU : 0.632921193788113
Epoch [9/50] - Train Loss: 0.0272 | Val Loss: 0.0300 | Val Dice: 0.7542879781477829 | Val IoU : 0.6257157592715366
Epoch [10/50] - Train Loss: 0.0284 | Val Loss: 0.0291 | Val Dice: 0.7579748886202604 | Val IoU : 0.6299746352700323
Epoch [11/50] - Train Loss: 0.0264 | Val Loss: 0.0292 | Val Dice: 0.7573871410909299 | Val IoU : 0.6299915287910843
Epoch [12/50] - Train Loss: 0.0270 | Val Loss: 0.0283 | Val Dice: 0.7612508234538955 | Val IoU : 0.633940386997992
Epoch [13/50] - Train Loss: 0.0272 | Val Loss: 0.0292 | Val Dice: 0.7572472372945493 | Val IoU : 0.6289847831926101
Epoch [14/50] - Train Loss: 0.0272 | Val Loss: 0.0303 | Val Dice: 0.7529327193519582 | Val IoU : 0.6230829987216222
Epoch [15/50] - Train Loss: 0.0275 | Val Loss: 0.0284 | Val Dice: 0.7606560053941522 | Val IoU : 0.6333440511571861
Epoch [16/50] - Train Loss: 0.0261 | Val Loss: 0.0294 | Val Dice: 0.7567104147154843 | Val IoU : 0.6283713659833668
Epoch [17/50] - Train Loss: 0.0269 | Val Loss: 0.0262 | Val Dice: 0.7701653975272533 | Val IoU : 0.6436350670654493
Epoch [18/50] - Train Loss: 0.0271 | Val Loss: 0.0313 | Val Dice: 0.7487905540872813 | Val IoU : 0.6184165277726272
Epoch [19/50] - Train Loss: 0.0263 | Val Loss: 0.0272 | Val Dice: 0.7661437017185279 | Val IoU : 0.6389215711973033
Epoch [20/50] - Train Loss: 0.0269 | Val Loss: 0.0291 | Val Dice: 0.7577642561295681 | Val IoU : 0.6281916542692016
Epoch [21/50] - Train Loss: 0.0265 | Val Loss: 0.0267 | Val Dice: 0.7680152302988489 | Val IoU : 0.6417007277718416
Epoch [22/50] - Train Loss: 0.0262 | Val Loss: 0.0270 | Val Dice: 0.7670245052029219 | Val IoU : 0.6407999112415701
Epoch [23/50] - Train Loss: 0.0262 | Val Loss: 0.0311 | Val Dice: 0.7493256179663744 | Val IoU : 0.6172460480536434
Epoch [24/50] - Train Loss: 0.0262 | Val Loss: 0.0280 | Val Dice: 0.7622834944918611 | Val IoU : 0.6346490236354616
Epoch [25/50] - Train Loss: 0.0278 | Val Loss: 0.0299 | Val Dice: 0.7543887756512839 | Val IoU : 0.6242857876262742
Epoch [26/50] - Train Loss: 0.0264 | Val Loss: 0.0279 | Val Dice: 0.7628965985145879 | Val IoU : 0.6364767580458212
Epoch [27/50] - Train Loss: 0.0264 | Val Loss: 0.0273 | Val Dice: 0.7653491845472901 | Val IoU : 0.6379979419772777
Epoch [28/50] - Train Loss: 0.0261 | Val Loss: 0.0268 | Val Dice: 0.7677745014146797 | Val IoU : 0.6407703096714975
Epoch [29/50] - Train Loss: 0.0260 | Val Loss: 0.0313 | Val Dice: 0.7487590984014116 | Val IoU : 0.6187340111467932
Epoch [30/50] - Train Loss: 0.0261 | Val Loss: 0.0285 | Val Dice: 0.7603976142583906 | Val IoU : 0.6316761287365296
Epoch [31/50] - Train Loss: 0.0257 | Val Loss: 0.0272 | Val Dice: 0.766154479512665 | Val IoU : 0.6392139834383344
Epoch [32/50] - Train Loss: 0.0259 | Val Loss: 0.0303 | Val Dice: 0.7528768376987907 | Val IoU : 0.620916964398024
Epoch [33/50] - Train Loss: 0.0260 | Val Loss: 0.0280 | Val Dice: 0.7623729525141529 | Val IoU : 0.6358393867864338
Epoch [34/50] - Train Loss: 0.0262 | Val Loss: 0.0287 | Val Dice: 0.7596547068052588 | Val IoU : 0.6323173965588312
Epoch [35/50] - Train Loss: 0.0260 | Val Loss: 0.0267 | Val Dice: 0.7679072441041711 | Val IoU : 0.6409118654602113
Epoch [36/50] - Train Loss: 0.0266 | Val Loss: 0.0291 | Val Dice: 0.7579684122812119 | Val IoU : 0.6275545675635177
Epoch [37/50] - Train Loss: 0.0258 | Val Loss: 0.0311 | Val Dice: 0.7495311851107864 | Val IoU : 0.6209772626021234
Epoch [38/50] - Train Loss: 0.0258 | Val Loss: 0.0261 | Val Dice: 0.7707981259961574 | Val IoU : 0.6448013192907238
Epoch [39/50] - Train Loss: 0.0253 | Val Loss: 0.0267 | Val Dice: 0.7683379535584715 | Val IoU : 0.642284076897798
Epoch [40/50] - Train Loss: 0.0262 | Val Loss: 0.0264 | Val Dice: 0.7696099798314787 | Val IoU : 0.6437773269793984
Epoch [41/50] - Train Loss: 0.0260 | Val Loss: 0.0284 | Val Dice: 0.7608888430750257 | Val IoU : 0.631649041046793
Epoch [42/50] - Train Loss: 0.0304 | Val Loss: 0.0278 | Val Dice: 0.7633817440279443 | Val IoU : 0.635117093668255
Epoch [43/50] - Train Loss: 0.0260 | Val Loss: 0.0284 | Val Dice: 0.760883397275282 | Val IoU : 0.6338864559249723
Epoch [44/50] - Train Loss: 0.0248 | Val Loss: 0.0273 | Val Dice: 0.7656038828567174 | Val IoU : 0.6387775752476652
Epoch [45/50] - Train Loss: 0.0239 | Val Loss: 0.0267 | Val Dice: 0.7680226728945204 | Val IoU : 0.6415279966568592
Epoch [46/50] - Train Loss: 0.0238 | Val Loss: 0.0258 | Val Dice: 0.7721292603967638 | Val IoU : 0.6459884208013305
Epoch [47/50] - Train Loss: 0.0229 | Val Loss: 0.0261 | Val Dice: 0.7707453487045226 | Val IoU : 0.6447439905916402
Epoch [48/50] - Train Loss: 0.0223 | Val Loss: 0.0259 | Val Dice: 0.7716083456440772 | Val IoU : 0.6450868761910475
Epoch [49/50] - Train Loss: 0.0219 | Val Loss: 0.0253 | Val Dice: 0.7744116060466018 | Val IoU : 0.6492273910765074
Epoch [50/50] - Train Loss: 0.0210 | Val Loss: 0.0254 | Val Dice: 0.7740677274128419 | Val IoU : 0.6488228509648727
Save model to path models//lora_20_50.pth
Load model from models//lora_20_50.pth
Test Dice 0.7784411293381275, Test IoU 0.6540939510676272
[1;34mwandb[0m: 
[1;34mwandb[0m: 🚀 View run [33mlora_20_50[0m at: [34mhttps://wandb.ai/drn201911051920-heidelberg-university/Lora_vit_segmentation_training/runs/0px9i3gk[0m
[1;34mwandb[0m: Find logs at: [1;35mwandb/run-20250924_222248-0px9i3gk/logs[0m
