Active Conda env:                       *  /csghome/sm330/conda_envs/seml_pyt-tf
Running lora with seed 10 and 0.5 data
Using cuda
[INFO] Using 50.0% of dataset: 3695 datapoints out of 7390 total files.
train_size: 2587, val_size: 739 and test_size: 369
Epoch [1/50] - Train Loss: 0.0882 | Val Loss: 0.0402 | Val Dice: 0.7150806416032762 | Val IoU : 0.5791116478639946
Epoch [2/50] - Train Loss: 0.0390 | Val Loss: 0.0315 | Val Dice: 0.7480871285411437 | Val IoU : 0.6177662150463006
Epoch [3/50] - Train Loss: 0.0459 | Val Loss: 0.0384 | Val Dice: 0.7216412525054405 | Val IoU : 0.5866135105551177
Epoch [4/50] - Train Loss: 0.0348 | Val Loss: 0.0395 | Val Dice: 0.7174398788579908 | Val IoU : 0.5786743122121478
Epoch [5/50] - Train Loss: 0.0313 | Val Loss: 0.0280 | Val Dice: 0.7628670642921179 | Val IoU : 0.6354311313454933
Epoch [6/50] - Train Loss: 0.0297 | Val Loss: 0.0291 | Val Dice: 0.7577685529066197 | Val IoU : 0.6286784946031274
Epoch [7/50] - Train Loss: 0.0297 | Val Loss: 0.0315 | Val Dice: 0.748260115335049 | Val IoU : 0.6196001999594362
Epoch [8/50] - Train Loss: 0.0284 | Val Loss: 0.0271 | Val Dice: 0.7668160187214089 | Val IoU : 0.6395175765105933
Epoch [9/50] - Train Loss: 0.0290 | Val Loss: 0.0300 | Val Dice: 0.7544628251066711 | Val IoU : 0.6242491677907549
Epoch [10/50] - Train Loss: 0.0285 | Val Loss: 0.0268 | Val Dice: 0.768107572008373 | Val IoU : 0.6411070950299058
Epoch [11/50] - Train Loss: 0.0275 | Val Loss: 0.0304 | Val Dice: 0.7525224307393189 | Val IoU : 0.6239458523357996
Epoch [12/50] - Train Loss: 0.0279 | Val Loss: 0.0327 | Val Dice: 0.7432487635231793 | Val IoU : 0.6094073648381781
Epoch [13/50] - Train Loss: 0.0275 | Val Loss: 0.0293 | Val Dice: 0.7571950612919902 | Val IoU : 0.6278302167845998
Epoch [14/50] - Train Loss: 0.0275 | Val Loss: 0.0300 | Val Dice: 0.7543808546859937 | Val IoU : 0.6247147555602903
Epoch [15/50] - Train Loss: 0.0272 | Val Loss: 0.0315 | Val Dice: 0.7481674489052274 | Val IoU : 0.6196447902022583
Epoch [16/50] - Train Loss: 0.0277 | Val Loss: 0.0270 | Val Dice: 0.7669319432223762 | Val IoU : 0.6412019256971202
Epoch [17/50] - Train Loss: 0.0269 | Val Loss: 0.0275 | Val Dice: 0.7650703154655529 | Val IoU : 0.6383471931753042
Epoch [18/50] - Train Loss: 0.0266 | Val Loss: 0.0270 | Val Dice: 0.766998576537198 | Val IoU : 0.639372894825245
Epoch [19/50] - Train Loss: 0.0270 | Val Loss: 0.0271 | Val Dice: 0.7667465466446418 | Val IoU : 0.6391212572425563
Epoch [20/50] - Train Loss: 0.0272 | Val Loss: 0.0287 | Val Dice: 0.7599795593783077 | Val IoU : 0.631171173752564
Epoch [21/50] - Train Loss: 0.0262 | Val Loss: 0.0262 | Val Dice: 0.770821135808715 | Val IoU : 0.6447353875201514
Epoch [22/50] - Train Loss: 0.0269 | Val Loss: 0.0251 | Val Dice: 0.7755780436995872 | Val IoU : 0.6508230312912648
Epoch [23/50] - Train Loss: 0.0273 | Val Loss: 0.0248 | Val Dice: 0.7768468364811073 | Val IoU : 0.6521305641882797
Epoch [24/50] - Train Loss: 0.0262 | Val Loss: 0.0286 | Val Dice: 0.7601223629930829 | Val IoU : 0.6319875915576383
Epoch [25/50] - Train Loss: 0.0273 | Val Loss: 0.0277 | Val Dice: 0.7640101095820312 | Val IoU : 0.6364316720923809
Epoch [26/50] - Train Loss: 0.0277 | Val Loss: 0.0276 | Val Dice: 0.7646355628967285 | Val IoU : 0.6374396921333344
Epoch [27/50] - Train Loss: 0.0298 | Val Loss: 0.0289 | Val Dice: 0.7588748550382777 | Val IoU : 0.6316116056197068
Epoch [28/50] - Train Loss: 0.0262 | Val Loss: 0.0268 | Val Dice: 0.7682509692499215 | Val IoU : 0.6419198750159092
Epoch [29/50] - Train Loss: 0.0268 | Val Loss: 0.0257 | Val Dice: 0.7728426598405644 | Val IoU : 0.6476997009633519
Epoch [30/50] - Train Loss: 0.0263 | Val Loss: 0.0267 | Val Dice: 0.7683054497503299 | Val IoU : 0.6410555482233329
Epoch [31/50] - Train Loss: 0.0259 | Val Loss: 0.0257 | Val Dice: 0.7729260726291207 | Val IoU : 0.6475034181900695
Epoch [32/50] - Train Loss: 0.0317 | Val Loss: 0.0334 | Val Dice: 0.740826352604026 | Val IoU : 0.607727171119721
Epoch [33/50] - Train Loss: 0.1416 | Val Loss: 0.2443 | Val Dice: 0.27239114336457726 | Val IoU : 0.16326924771352774
Epoch [34/50] - Train Loss: 0.2384 | Val Loss: 0.2285 | Val Dice: 0.29829006112799433 | Val IoU : 0.1774713376055551
Epoch [35/50] - Train Loss: 0.2185 | Val Loss: 0.2242 | Val Dice: 0.30529765250395696 | Val IoU : 0.18310997886167327
Epoch [36/50] - Train Loss: 0.2113 | Val Loss: 0.2083 | Val Dice: 0.33226249210728037 | Val IoU : 0.20346408332313673
Epoch [37/50] - Train Loss: 0.2033 | Val Loss: 0.1906 | Val Dice: 0.3631174728899428 | Val IoU : 0.22776393142701487
Epoch [38/50] - Train Loss: 0.1400 | Val Loss: 0.0872 | Val Dice: 0.5773624095445719 | Val IoU : 0.43164627897239344
Epoch [39/50] - Train Loss: 0.0444 | Val Loss: 0.0328 | Val Dice: 0.7431349573664479 | Val IoU : 0.6103567948038103
Epoch [40/50] - Train Loss: 0.0318 | Val Loss: 0.0308 | Val Dice: 0.7511659633968132 | Val IoU : 0.6194250728829143
Epoch [41/50] - Train Loss: 0.0309 | Val Loss: 0.0350 | Val Dice: 0.7344651916675542 | Val IoU : 0.6019497306082342
Epoch [42/50] - Train Loss: 0.0297 | Val Loss: 0.0294 | Val Dice: 0.7569300544439375 | Val IoU : 0.627555929678864
Epoch [43/50] - Train Loss: 0.0285 | Val Loss: 0.0292 | Val Dice: 0.7574666134398103 | Val IoU : 0.628660356643558
Epoch [44/50] - Train Loss: 0.0274 | Val Loss: 0.0274 | Val Dice: 0.7653316243252993 | Val IoU : 0.6374142511933034
Epoch [45/50] - Train Loss: 0.0266 | Val Loss: 0.0268 | Val Dice: 0.7677977354503936 | Val IoU : 0.6402682038540769
Epoch [46/50] - Train Loss: 0.0256 | Val Loss: 0.0268 | Val Dice: 0.7677688207452126 | Val IoU : 0.6415201138417679
Epoch [47/50] - Train Loss: 0.0246 | Val Loss: 0.0274 | Val Dice: 0.7652193269968356 | Val IoU : 0.6376633041605091
Epoch [48/50] - Train Loss: 0.0238 | Val Loss: 0.0264 | Val Dice: 0.7696251763542546 | Val IoU : 0.6437145824038772
Epoch [49/50] - Train Loss: 0.0229 | Val Loss: 0.0262 | Val Dice: 0.7706730920665158 | Val IoU : 0.6447343869041525
Epoch [50/50] - Train Loss: 0.0219 | Val Loss: 0.0259 | Val Dice: 0.7721889781209871 | Val IoU : 0.6464576598594572
Save model to path models//lora_10_50.pth
Load model from models//lora_10_50.pth
Test Dice 0.7589988409665219, Test IoU 0.6294890994301979
[1;34mwandb[0m: 
[1;34mwandb[0m: 🚀 View run [33mlora_10_50[0m at: [34mhttps://wandb.ai/drn201911051920-heidelberg-university/Lora_vit_segmentation_training/runs/jgjvm6vd[0m
[1;34mwandb[0m: Find logs at: [1;35mwandb/run-20250924_212029-jgjvm6vd/logs[0m
