Active Conda env:                       *  /csghome/sm330/conda_envs/seml_pyt-tf
Running serial_lora with seed 30 and 1 data
Using cuda
[INFO] Using 100.0% of dataset: 7390 datapoints out of 7390 total files.
train_size: 5173, val_size: 1478 and test_size: 739
Epoch [1/50] - Train Loss: 0.0760 | Val Loss: 0.0442 | Val Dice: 0.7008265440776964 | Val IoU : 0.5653318180444276
Epoch [2/50] - Train Loss: 0.0372 | Val Loss: 0.0313 | Val Dice: 0.7489782678258274 | Val IoU : 0.6195804850174383
Epoch [3/50] - Train Loss: 0.0344 | Val Loss: 0.0308 | Val Dice: 0.7509950476021825 | Val IoU : 0.6210910029437126
Epoch [4/50] - Train Loss: 0.0325 | Val Loss: 0.0324 | Val Dice: 0.7443400691584741 | Val IoU : 0.6149153947346265
Epoch [5/50] - Train Loss: 0.0321 | Val Loss: 0.0305 | Val Dice: 0.752146292926494 | Val IoU : 0.622231067194829
Epoch [6/50] - Train Loss: 0.0308 | Val Loss: 0.0288 | Val Dice: 0.759057980912948 | Val IoU : 0.6317841872794703
Epoch [7/50] - Train Loss: 0.0308 | Val Loss: 0.0305 | Val Dice: 0.7521194480914063 | Val IoU : 0.6226846166812035
Epoch [8/50] - Train Loss: 0.0310 | Val Loss: 0.0285 | Val Dice: 0.7604014206481077 | Val IoU : 0.6322289297964641
Epoch [9/50] - Train Loss: 0.0307 | Val Loss: 0.0297 | Val Dice: 0.7555037215049599 | Val IoU : 0.6282031310266022
Epoch [10/50] - Train Loss: 0.0303 | Val Loss: 0.0295 | Val Dice: 0.7562179150858815 | Val IoU : 0.626831245196527
Epoch [11/50] - Train Loss: 0.0307 | Val Loss: 0.0286 | Val Dice: 0.7597437928429476 | Val IoU : 0.6326332998856479
Epoch [12/50] - Train Loss: 0.0302 | Val Loss: 0.0293 | Val Dice: 0.7571826394904451 | Val IoU : 0.6300858705227688
Epoch [13/50] - Train Loss: 0.0295 | Val Loss: 0.0294 | Val Dice: 0.7567656309582061 | Val IoU : 0.6287514286692959
Epoch [14/50] - Train Loss: 0.0312 | Val Loss: 0.0315 | Val Dice: 0.7479061167359513 | Val IoU : 0.616411672474083
Epoch [15/50] - Train Loss: 0.0292 | Val Loss: 0.0310 | Val Dice: 0.750226524427876 | Val IoU : 0.6212538729178567
Epoch [16/50] - Train Loss: 0.0319 | Val Loss: 0.0280 | Val Dice: 0.7624348097950906 | Val IoU : 0.635074505302677
Epoch [17/50] - Train Loss: 0.0292 | Val Loss: 0.0303 | Val Dice: 0.7526653378355003 | Val IoU : 0.6224339792305787
Epoch [18/50] - Train Loss: 0.0305 | Val Loss: 0.0293 | Val Dice: 0.7572674877104805 | Val IoU : 0.6283346453280829
Epoch [19/50] - Train Loss: 0.0289 | Val Loss: 0.0297 | Val Dice: 0.7554119554359632 | Val IoU : 0.6281867128909038
Epoch [20/50] - Train Loss: 0.0345 | Val Loss: 0.0287 | Val Dice: 0.7594014715115982 | Val IoU : 0.6315117540475641
Epoch [21/50] - Train Loss: 0.0297 | Val Loss: 0.0280 | Val Dice: 0.7626772439850844 | Val IoU : 0.6359376179833213
Epoch [22/50] - Train Loss: 0.0288 | Val Loss: 0.0288 | Val Dice: 0.7592319378349552 | Val IoU : 0.6310518045225388
Epoch [23/50] - Train Loss: 0.0287 | Val Loss: 0.0297 | Val Dice: 0.7554751220026906 | Val IoU : 0.6279750662340363
Epoch [24/50] - Train Loss: 0.0337 | Val Loss: 0.0284 | Val Dice: 0.7609123619064104 | Val IoU : 0.6339939697992173
Epoch [25/50] - Train Loss: 0.0280 | Val Loss: 0.0305 | Val Dice: 0.752142219404729 | Val IoU : 0.6208136585794379
Epoch [26/50] - Train Loss: 0.0288 | Val Loss: 0.0282 | Val Dice: 0.7615715280598652 | Val IoU : 0.6344726238908884
Epoch [27/50] - Train Loss: 0.0276 | Val Loss: 0.0286 | Val Dice: 0.7598911063274285 | Val IoU : 0.6325382940340106
Epoch [28/50] - Train Loss: 0.0340 | Val Loss: 0.0278 | Val Dice: 0.7632450402508891 | Val IoU : 0.6359239148835529
Epoch [29/50] - Train Loss: 0.0274 | Val Loss: 0.0290 | Val Dice: 0.7582809376619827 | Val IoU : 0.6284456824094904
Epoch [30/50] - Train Loss: 0.0313 | Val Loss: 0.0274 | Val Dice: 0.7651662103862014 | Val IoU : 0.6383997981054695
Epoch [31/50] - Train Loss: 0.0280 | Val Loss: 0.0290 | Val Dice: 0.7584210998795836 | Val IoU : 0.6296801513844801
Epoch [32/50] - Train Loss: 0.0281 | Val Loss: 0.0288 | Val Dice: 0.7593391891745334 | Val IoU : 0.630950492354304
Epoch [33/50] - Train Loss: 0.0287 | Val Loss: 0.0285 | Val Dice: 0.7606519781688231 | Val IoU : 0.6315545377615179
Epoch [34/50] - Train Loss: 0.0282 | Val Loss: 0.0303 | Val Dice: 0.7529366639050805 | Val IoU : 0.6240684046474296
Epoch [35/50] - Train Loss: 0.0285 | Val Loss: 0.0288 | Val Dice: 0.7590990907768436 | Val IoU : 0.6318656694098642
Epoch [36/50] - Train Loss: 0.0285 | Val Loss: 0.0524 | Val Dice: 0.6740760696756984 | Val IoU : 0.5333501630448844
Epoch [37/50] - Train Loss: 0.0400 | Val Loss: 0.0309 | Val Dice: 0.7504574034630204 | Val IoU : 0.6196040022357069
Epoch [38/50] - Train Loss: 0.0327 | Val Loss: 0.0317 | Val Dice: 0.7473325498694496 | Val IoU : 0.6159654887990474
Epoch [39/50] - Train Loss: 0.0367 | Val Loss: 0.0301 | Val Dice: 0.7539076183258439 | Val IoU : 0.6240130470957259
Epoch [40/50] - Train Loss: 0.0310 | Val Loss: 0.0309 | Val Dice: 0.7506035275969034 | Val IoU : 0.6188716907785129
Epoch [41/50] - Train Loss: 0.0279 | Val Loss: 0.0276 | Val Dice: 0.7640874289853324 | Val IoU : 0.6367277419938124
Epoch [42/50] - Train Loss: 0.0273 | Val Loss: 0.0273 | Val Dice: 0.7657567138439586 | Val IoU : 0.6397345193506739
Epoch [43/50] - Train Loss: 0.0269 | Val Loss: 0.0270 | Val Dice: 0.7668370803734931 | Val IoU : 0.6403214391900658
Epoch [44/50] - Train Loss: 0.0269 | Val Loss: 0.0279 | Val Dice: 0.7630776383880027 | Val IoU : 0.6350413153555461
Epoch [45/50] - Train Loss: 0.0267 | Val Loss: 0.0274 | Val Dice: 0.7649986593907192 | Val IoU : 0.638338966121209
Epoch [46/50] - Train Loss: 0.0265 | Val Loss: 0.0271 | Val Dice: 0.7665983532859121 | Val IoU : 0.6402247525519705
Epoch [47/50] - Train Loss: 0.0260 | Val Loss: 0.0271 | Val Dice: 0.766312654834639 | Val IoU : 0.6402997151924567
Epoch [48/50] - Train Loss: 0.0258 | Val Loss: 0.0273 | Val Dice: 0.7656994535410033 | Val IoU : 0.638316882076057
Epoch [49/50] - Train Loss: 0.0257 | Val Loss: 0.0263 | Val Dice: 0.7697887788444798 | Val IoU : 0.6440364616004314
Epoch [50/50] - Train Loss: 0.0251 | Val Loss: 0.0262 | Val Dice: 0.7705880314797284 | Val IoU : 0.6449932805256204
Save model to path models//serial_lora_30_100.pth
Load model from models//serial_lora_30_100.pth
Test Dice 0.7713132003808699, Test IoU 0.6457907943828826
[1;34mwandb[0m: 
[1;34mwandb[0m: 🚀 View run [33mserial_lora_30_100[0m at: [34mhttps://wandb.ai/drn201911051920-heidelberg-university/Lora_vit_segmentation_training/runs/vjis1o4g[0m
[1;34mwandb[0m: Find logs at: [1;35mwandb/run-20250924_053608-vjis1o4g/logs[0m
